<?xml version="1.0" encoding="UTF-8"?>
<!-- Generated by org.testng.reporters.JUnitReportReporter -->
<testsuite hostname="IN-BQ6WPQ3" failures="0" tests="1" name="glintReports.GlintReportsLogin" time="60.617" errors="0" timestamp="2024-11-18T20:26:40 IST" skipped="0">
  <testcase classname="glintReports.GlintReportsLogin" name="TC_005" time="60.617"/>
  <system-out/>
</testsuite> <!-- glintReports.GlintReportsLogin -->
